#
# There is insufficient memory for the Java Runtime Environment to continue.
# Native memory allocation (malloc) failed to allocate 32744 bytes for ChunkPool::allocate
# Possible reasons:
#   The system is out of physical RAM or swap space
#   In 32 bit mode, the process size limit was hit
# Possible solutions:
#   Reduce memory load on the system
#   Increase physical memory or swap space
#   Check if swap backing store is full
#   Use 64 bit Java on a 64 bit OS
#   Decrease Java heap size (-Xmx/-Xms)
#   Decrease number of Java threads
#   Decrease Java thread stack sizes (-Xss)
#   Set larger code cache with -XX:ReservedCodeCacheSize=
# This output file may be truncated or incomplete.
#
#  Out of Memory Error (allocation.cpp:273), pid=6216, tid=0x0000000000002eb0
#
# JRE version: Java(TM) SE Runtime Environment (8.0_131-b11) (build 1.8.0_131-b11)
# Java VM: Java HotSpot(TM) 64-Bit Server VM (25.131-b11 mixed mode windows-amd64 compressed oops)
# Failed to write core dump. Minidumps are not enabled by default on client versions of Windows
#

---------------  T H R E A D  ---------------

Current thread (0x00000000170f6000):  JavaThread "C2 CompilerThread1" daemon [_thread_in_native, id=11952, stack(0x0000000017360000,0x0000000017460000)]

Stack: [0x0000000017360000,0x0000000017460000]
[error occurred during error reporting (printing stack bounds), id 0xc0000005]

Native frames: (J=compiled Java code, j=interpreted, Vv=VM code, C=native code)


Current CompileTask:
C2:  14069 3809   !   4       java.net.URLClassLoader$1::run (63 bytes)


---------------  P R O C E S S  ---------------

Java Threads: ( => current thread )
  0x000000001a6d8800 JavaThread "HikariPool-1 connection adder" daemon [_thread_blocked, id=8704, stack(0x000000001fc40000,0x000000001fd40000)]
  0x000000001a6d5800 JavaThread "HikariPool-1 housekeeper" daemon [_thread_blocked, id=6740, stack(0x000000001fb40000,0x000000001fc40000)]
  0x000000001a6d7800 JavaThread "PostgreSQL-JDBC-SharedTimer-1" daemon [_thread_blocked, id=11348, stack(0x000000001f840000,0x000000001f940000)]
  0x000000001a6d4800 JavaThread "container-0" [_thread_blocked, id=14392, stack(0x000000001f2f0000,0x000000001f3f0000)]
  0x00000000183a7000 JavaThread "ContainerBackgroundProcessor[StandardEngine[Tomcat]]" daemon [_thread_blocked, id=3952, stack(0x000000001f1f0000,0x000000001f2f0000)]
  0x00000000177cf000 JavaThread "localhost-startStop-1" daemon [_thread_blocked, id=8232, stack(0x000000001d5d0000,0x000000001d6d0000)]
  0x00000000177b3800 JavaThread "Tomcat-startStop-1" daemon [_thread_blocked, id=12980, stack(0x000000001c450000,0x000000001c550000)]
  0x0000000017bc3800 JavaThread "restartedMain" [_thread_in_native, id=12752, stack(0x0000000019170000,0x0000000019270000)]
  0x0000000017bf1800 JavaThread "Thread-0" [_thread_blocked, id=1304, stack(0x0000000019070000,0x0000000019170000)]
  0x0000000017137000 JavaThread "Service Thread" daemon [_thread_blocked, id=7716, stack(0x0000000017560000,0x0000000017660000)]
  0x00000000170f6800 JavaThread "C1 CompilerThread2" daemon [_thread_blocked, id=9124, stack(0x0000000017460000,0x0000000017560000)]
=>0x00000000170f6000 JavaThread "C2 CompilerThread1" daemon [_thread_in_native, id=11952, stack(0x0000000017360000,0x0000000017460000)]
  0x000000001703f000 JavaThread "C2 CompilerThread0" daemon [_thread_in_native, id=7156, stack(0x0000000017260000,0x0000000017360000)]
  0x00000000170a5800 JavaThread "Monitor Ctrl-Break" daemon [_thread_in_native, id=11452, stack(0x0000000017160000,0x0000000017260000)]
  0x000000001571b800 JavaThread "Attach Listener" daemon [_thread_blocked, id=4788, stack(0x0000000016c60000,0x0000000016d60000)]
  0x000000001571a800 JavaThread "Signal Dispatcher" daemon [_thread_blocked, id=11572, stack(0x0000000016b60000,0x0000000016c60000)]
  0x00000000156fb000 JavaThread "Finalizer" daemon [_thread_blocked, id=8888, stack(0x0000000016960000,0x0000000016a60000)]
  0x0000000003065000 JavaThread "Reference Handler" daemon [_thread_blocked, id=15320, stack(0x0000000016860000,0x0000000016960000)]
  0x0000000002f75800 JavaThread "main" [_thread_blocked, id=1332, stack(0x0000000002d70000,0x0000000002e70000)]

Other Threads:
  0x00000000156d8000 VMThread [stack: 0x0000000016760000,0x0000000016860000] [id=7044]
  0x00000000176a3800 WatcherThread [stack: 0x0000000017fa0000,0x00000000180a0000] [id=11108]

VM state:not at safepoint (normal execution)

VM Mutex/Monitor currently owned by a thread: None

Heap:
 PSYoungGen      total 171008K, used 85222K [0x00000000eac00000, 0x00000000fb000000, 0x0000000100000000)
  eden space 157696K, 54% used [0x00000000eac00000,0x00000000eff39950,0x00000000f4600000)
  from space 13312K, 0% used [0x00000000f4600000,0x00000000f4600000,0x00000000f5300000)
  to   space 13312K, 0% used [0x00000000fa300000,0x00000000fa300000,0x00000000fb000000)
 ParOldGen       total 47104K, used 16599K [0x00000000c0400000, 0x00000000c3200000, 0x00000000eac00000)
  object space 47104K, 35% used [0x00000000c0400000,0x00000000c1435cb0,0x00000000c3200000)
 Metaspace       used 40285K, capacity 41846K, committed 42032K, reserved 1085440K
  class space    used 5327K, capacity 5639K, committed 5680K, reserved 1048576K

Card table byte_map: [0x0000000012430000,0x0000000012630000] byte_map_base: 0x0000000011e2e000

Marking Bits: (ParMarkBitMap*) 0x000000006aebc720
 Begin Bits: [0x0000000012b90000, 0x0000000013b80000)
 End Bits:   [0x0000000013b80000, 0x0000000014b70000)

Polling page: 0x0000000002c30000

CodeCache: size=245760Kb used=11646Kb max_used=12055Kb free=234113Kb
 bounds [0x0000000003070000, 0x0000000003c60000, 0x0000000012070000]
 total_blobs=3729 nmethods=3301 adapters=340
 compilation: enabled

Compilation events (10 events):
Event: 13.728 Thread 0x00000000170f6800 3813       3       ch.qos.logback.classic.Logger::isDebugEnabled (77 bytes)
Event: 13.730 Thread 0x00000000170f6800 nmethod 3813 0x00000000037d0cd0 code [0x00000000037d0f20, 0x00000000037d1ed8]
Event: 13.766 Thread 0x00000000170f6800 3815   !   3       java.lang.Class::getSimpleBinaryName (38 bytes)
Event: 13.767 Thread 0x00000000170f6800 nmethod 3815 0x000000000328bd90 code [0x000000000328bf60, 0x000000000328c748]
Event: 13.896 Thread 0x00000000170f6800 3816       3       ch.qos.logback.classic.selector.DefaultContextSelector::getLoggerContext (5 bytes)
Event: 13.896 Thread 0x00000000170f6800 nmethod 3816 0x0000000003a13d90 code [0x0000000003a13ee0, 0x0000000003a14050]
Event: 13.970 Thread 0x00000000170f6800 3817       3       ch.qos.logback.classic.LoggerContext::getLogger (6 bytes)
Event: 13.970 Thread 0x00000000170f6800 nmethod 3817 0x000000000328b990 code [0x000000000328bb00, 0x000000000328bd08]
Event: 14.022 Thread 0x00000000170f6800 3818       3       java.util.concurrent.atomic.AtomicReferenceFieldUpdater$AtomicReferenceFieldUpdaterImpl::accessCheck (17 bytes)
Event: 14.023 Thread 0x00000000170f6800 nmethod 3818 0x00000000037d0810 code [0x00000000037d0980, 0x00000000037d0c08]

GC Heap History (10 events):
Event: 7.085 GC heap before
{Heap before GC invocations=9 (full 1):
 PSYoungGen      total 71168K, used 64475K [0x00000000eac00000, 0x00000000f3b00000, 0x0000000100000000)
  eden space 64512K, 99% used [0x00000000eac00000,0x00000000eeaf6fa8,0x00000000eeb00000)
  from space 6656K, 0% used [0x00000000eeb00000,0x00000000eeb00000,0x00000000ef180000)
  to   space 8704K, 0% used [0x00000000f3280000,0x00000000f3280000,0x00000000f3b00000)
 ParOldGen       total 31744K, used 11157K [0x00000000c0400000, 0x00000000c2300000, 0x00000000eac00000)
  object space 31744K, 35% used [0x00000000c0400000,0x00000000c0ee5728,0x00000000c2300000)
 Metaspace       used 24694K, capacity 25354K, committed 25648K, reserved 1071104K
  class space    used 3164K, capacity 3340K, committed 3376K, reserved 1048576K
Event: 7.104 GC heap after
Heap after GC invocations=9 (full 1):
 PSYoungGen      total 119808K, used 7556K [0x00000000eac00000, 0x00000000f3a00000, 0x0000000100000000)
  eden space 112128K, 0% used [0x00000000eac00000,0x00000000eac00000,0x00000000f1980000)
  from space 7680K, 98% used [0x00000000f3280000,0x00000000f39e13c8,0x00000000f3a00000)
  to   space 9728K, 0% used [0x00000000f2700000,0x00000000f2700000,0x00000000f3080000)
 ParOldGen       total 31744K, used 11165K [0x00000000c0400000, 0x00000000c2300000, 0x00000000eac00000)
  object space 31744K, 35% used [0x00000000c0400000,0x00000000c0ee7728,0x00000000c2300000)
 Metaspace       used 24694K, capacity 25354K, committed 25648K, reserved 1071104K
  class space    used 3164K, capacity 3340K, committed 3376K, reserved 1048576K
}
Event: 9.032 GC heap before
{Heap before GC invocations=10 (full 1):
 PSYoungGen      total 119808K, used 119684K [0x00000000eac00000, 0x00000000f3a00000, 0x0000000100000000)
  eden space 112128K, 100% used [0x00000000eac00000,0x00000000f1980000,0x00000000f1980000)
  from space 7680K, 98% used [0x00000000f3280000,0x00000000f39e13c8,0x00000000f3a00000)
  to   space 9728K, 0% used [0x00000000f2700000,0x00000000f2700000,0x00000000f3080000)
 ParOldGen       total 31744K, used 11165K [0x00000000c0400000, 0x00000000c2300000, 0x00000000eac00000)
  object space 31744K, 35% used [0x00000000c0400000,0x00000000c0ee7728,0x00000000c2300000)
 Metaspace       used 29075K, capacity 30186K, committed 30384K, reserved 1075200K
  class space    used 3771K, capacity 4009K, committed 4016K, reserved 1048576K
Event: 9.051 GC heap after
Heap after GC invocations=10 (full 1):
 PSYoungGen      total 135680K, used 9702K [0x00000000eac00000, 0x00000000f5f00000, 0x0000000100000000)
  eden space 125952K, 0% used [0x00000000eac00000,0x00000000eac00000,0x00000000f2700000)
  from space 9728K, 99% used [0x00000000f2700000,0x00000000f3079b28,0x00000000f3080000)
  to   space 12288K, 0% used [0x00000000f5300000,0x00000000f5300000,0x00000000f5f00000)
 ParOldGen       total 31744K, used 14186K [0x00000000c0400000, 0x00000000c2300000, 0x00000000eac00000)
  object space 31744K, 44% used [0x00000000c0400000,0x00000000c11dab48,0x00000000c2300000)
 Metaspace       used 29075K, capacity 30186K, committed 30384K, reserved 1075200K
  class space    used 3771K, capacity 4009K, committed 4016K, reserved 1048576K
}
Event: 11.113 GC heap before
{Heap before GC invocations=11 (full 1):
 PSYoungGen      total 135680K, used 135654K [0x00000000eac00000, 0x00000000f5f00000, 0x0000000100000000)
  eden space 125952K, 100% used [0x00000000eac00000,0x00000000f2700000,0x00000000f2700000)
  from space 9728K, 99% used [0x00000000f2700000,0x00000000f3079b28,0x00000000f3080000)
  to   space 12288K, 0% used [0x00000000f5300000,0x00000000f5300000,0x00000000f5f00000)
 ParOldGen       total 31744K, used 14186K [0x00000000c0400000, 0x00000000c2300000, 0x00000000eac00000)
  object space 31744K, 44% used [0x00000000c0400000,0x00000000c11dab48,0x00000000c2300000)
 Metaspace       used 33876K, capacity 35346K, committed 35496K, reserved 1081344K
  class space    used 4349K, capacity 4613K, committed 4656K, reserved 1048576K
Event: 11.172 GC heap after
Heap after GC invocations=11 (full 1):
 PSYoungGen      total 169984K, used 9572K [0x00000000eac00000, 0x00000000f7380000, 0x0000000100000000)
  eden space 157696K, 0% used [0x00000000eac00000,0x00000000eac00000,0x00000000f4600000)
  from space 12288K, 77% used [0x00000000f5300000,0x00000000f5c59340,0x00000000f5f00000)
  to   space 13312K, 0% used [0x00000000f4600000,0x00000000f4600000,0x00000000f5300000)
 ParOldGen       total 31744K, used 19926K [0x00000000c0400000, 0x00000000c2300000, 0x00000000eac00000)
  object space 31744K, 62% used [0x00000000c0400000,0x00000000c17759b0,0x00000000c2300000)
 Metaspace       used 33876K, capacity 35346K, committed 35496K, reserved 1081344K
  class space    used 4349K, capacity 4613K, committed 4656K, reserved 1048576K
}
Event: 11.228 GC heap before
{Heap before GC invocations=12 (full 1):
 PSYoungGen      total 169984K, used 11827K [0x00000000eac00000, 0x00000000f7380000, 0x0000000100000000)
  eden space 157696K, 1% used [0x00000000eac00000,0x00000000eae338c0,0x00000000f4600000)
  from space 12288K, 77% used [0x00000000f5300000,0x00000000f5c59340,0x00000000f5f00000)
  to   space 13312K, 0% used [0x00000000f4600000,0x00000000f4600000,0x00000000f5300000)
 ParOldGen       total 31744K, used 19926K [0x00000000c0400000, 0x00000000c2300000, 0x00000000eac00000)
  object space 31744K, 62% used [0x00000000c0400000,0x00000000c17759b0,0x00000000c2300000)
 Metaspace       used 33906K, capacity 35386K, committed 35496K, reserved 1081344K
  class space    used 4352K, capacity 4645K, committed 4656K, reserved 1048576K
Event: 11.253 GC heap after
Heap after GC invocations=12 (full 1):
 PSYoungGen      total 171008K, used 192K [0x00000000eac00000, 0x00000000fb000000, 0x0000000100000000)
  eden space 157696K, 0% used [0x00000000eac00000,0x00000000eac00000,0x00000000f4600000)
  from space 13312K, 1% used [0x00000000f4600000,0x00000000f4630000,0x00000000f5300000)
  to   space 13312K, 0% used [0x00000000fa300000,0x00000000fa300000,0x00000000fb000000)
 ParOldGen       total 31744K, used 26595K [0x00000000c0400000, 0x00000000c2300000, 0x00000000eac00000)
  object space 31744K, 83% used [0x00000000c0400000,0x00000000c1df8c80,0x00000000c2300000)
 Metaspace       used 33906K, capacity 35386K, committed 35496K, reserved 1081344K
  class space    used 4352K, capacity 4645K, committed 4656K, reserved 1048576K
}
Event: 11.253 GC heap before
{Heap before GC invocations=13 (full 2):
 PSYoungGen      total 171008K, used 192K [0x00000000eac00000, 0x00000000fb000000, 0x0000000100000000)
  eden space 157696K, 0% used [0x00000000eac00000,0x00000000eac00000,0x00000000f4600000)
  from space 13312K, 1% used [0x00000000f4600000,0x00000000f4630000,0x00000000f5300000)
  to   space 13312K, 0% used [0x00000000fa300000,0x00000000fa300000,0x00000000fb000000)
 ParOldGen       total 31744K, used 26595K [0x00000000c0400000, 0x00000000c2300000, 0x00000000eac00000)
  object space 31744K, 83% used [0x00000000c0400000,0x00000000c1df8c80,0x00000000c2300000)
 Metaspace       used 33906K, capacity 35386K, committed 35496K, reserved 1081344K
  class space    used 4352K, capacity 4645K, committed 4656K, reserved 1048576K
Event: 11.426 GC heap after
Heap after GC invocations=13 (full 2):
 PSYoungGen      total 171008K, used 0K [0x00000000eac00000, 0x00000000fb000000, 0x0000000100000000)
  eden space 157696K, 0% used [0x00000000eac00000,0x00000000eac00000,0x00000000f4600000)
  from space 13312K, 0% used [0x00000000f4600000,0x00000000f4600000,0x00000000f5300000)
  to   space 13312K, 0% used [0x00000000fa300000,0x00000000fa300000,0x00000000fb000000)
 ParOldGen       total 47104K, used 16599K [0x00000000c0400000, 0x00000000c3200000, 0x00000000eac00000)
  object space 47104K, 35% used [0x00000000c0400000,0x00000000c1435cb0,0x00000000c3200000)
 Metaspace       used 33906K, capacity 35386K, committed 35496K, reserved 1081344K
  class space    used 4352K, capacity 4645K, committed 4656K, reserved 1048576K
}

Deoptimization events (10 events):
Event: 11.634 Thread 0x0000000017bc3800 Uncommon trap: reason=bimorphic action=maybe_recompile pc=0x00000000037b1c54 method=java.util.Hashtable.get(Ljava/lang/Object;)Ljava/lang/Object; @ 6
Event: 11.731 Thread 0x0000000017bc3800 Uncommon trap: reason=unstable_if action=reinterpret pc=0x00000000037711b4 method=org.springframework.util.ObjectUtils.nullSafeEquals(Ljava/lang/Object;Ljava/lang/Object;)Z @ 8
Event: 11.731 Thread 0x0000000017bc3800 Uncommon trap: reason=unstable_if action=reinterpret pc=0x0000000003b67564 method=org.springframework.boot.context.properties.source.ConfigurationPropertyName.equals(Ljava/lang/Object;)Z @ 8
Event: 11.752 Thread 0x0000000017bc3800 Uncommon trap: reason=unstable_if action=reinterpret pc=0x00000000032c78c4 method=java.lang.AbstractStringBuilder.append(Ljava/lang/String;)Ljava/lang/AbstractStringBuilder; @ 1
Event: 12.105 Thread 0x0000000017bc3800 Uncommon trap: reason=unstable_if action=reinterpret pc=0x00000000031b9f2c method=java.net.URI.match(CJJ)Z @ 45
Event: 12.448 Thread 0x000000001a6d8800 Uncommon trap: reason=unstable_if action=reinterpret pc=0x000000000333aee0 method=java.net.URI.match(CJJ)Z @ 45
Event: 12.481 Thread 0x0000000017bc3800 Uncommon trap: reason=unstable_if action=reinterpret pc=0x000000000348c424 method=java.net.URL.<init>(Ljava/net/URL;Ljava/lang/String;Ljava/net/URLStreamHandler;)V @ 57
Event: 13.096 Thread 0x0000000017bc3800 Uncommon trap: reason=bimorphic action=maybe_recompile pc=0x0000000003540f58 method=java.lang.ClassLoader.loadClass(Ljava/lang/String;Z)Ljava/lang/Class; @ 70
Event: 13.098 Thread 0x0000000017bc3800 Uncommon trap: reason=bimorphic action=maybe_recompile pc=0x0000000003540f58 method=java.lang.ClassLoader.loadClass(Ljava/lang/String;Z)Ljava/lang/Class; @ 70
Event: 13.903 Thread 0x0000000017bc3800 Uncommon trap: reason=bimorphic action=maybe_recompile pc=0x0000000003540f58 method=java.lang.ClassLoader.loadClass(Ljava/lang/String;Z)Ljava/lang/Class; @ 70

Internal exceptions (10 events):
Event: 12.436 Thread 0x0000000017bc3800 Exception <a 'java/lang/ClassNotFoundException': org/springframework/context/ResourceLoaderAwareCustomizer> (0x00000000ed412090) thrown at [C:\re\workspace\8-2-build-windows-amd64-cygwin\jdk8u131\8869\hotspot\src\share\vm\classfile\systemDictionary.cpp, l
Event: 12.437 Thread 0x0000000017bc3800 Exception <a 'java/lang/ClassNotFoundException': org/springframework/context/weaving/LoadTimeWeaverAwareCustomizer> (0x00000000ed42a258) thrown at [C:\re\workspace\8-2-build-windows-amd64-cygwin\jdk8u131\8869\hotspot\src\share\vm\classfile\systemDictionar
Event: 12.438 Thread 0x0000000017bc3800 Exception <a 'java/lang/ClassNotFoundException': org/springframework/beans/factory/FactoryBeanCustomizer> (0x00000000ed546f10) thrown at [C:\re\workspace\8-2-build-windows-amd64-cygwin\jdk8u131\8869\hotspot\src\share\vm\classfile\systemDictionary.cpp, lin
Event: 12.440 Thread 0x0000000017bc3800 Exception <a 'java/lang/ClassNotFoundException': org/springframework/beans/factory/BeanClassLoaderAwareCustomizer> (0x00000000ed562e60) thrown at [C:\re\workspace\8-2-build-windows-amd64-cygwin\jdk8u131\8869\hotspot\src\share\vm\classfile\systemDictionary
Event: 12.441 Thread 0x0000000017bc3800 Exception <a 'java/lang/ClassNotFoundException': org/springframework/beans/factory/BeanFactoryAwareCustomizer> (0x00000000ed579e58) thrown at [C:\re\workspace\8-2-build-windows-amd64-cygwin\jdk8u131\8869\hotspot\src\share\vm\classfile\systemDictionary.cpp
Event: 12.447 Thread 0x0000000017bc3800 Exception <a 'java/lang/ClassNotFoundException': org/springframework/beans/factory/BeanNameAwareCustomizer> (0x00000000ed5904c0) thrown at [C:\re\workspace\8-2-build-windows-amd64-cygwin\jdk8u131\8869\hotspot\src\share\vm\classfile\systemDictionary.cpp, l
Event: 12.449 Thread 0x0000000017bc3800 Exception <a 'java/lang/ClassNotFoundException': org/springframework/beans/factory/InitializingBeanCustomizer> (0x00000000ed5a73d0) thrown at [C:\re\workspace\8-2-build-windows-amd64-cygwin\jdk8u131\8869\hotspot\src\share\vm\classfile\systemDictionary.cpp
Event: 12.450 Thread 0x0000000017bc3800 Exception <a 'java/lang/ClassNotFoundException': org/springframework/beans/factory/DisposableBeanCustomizer> (0x00000000ed5bcc38) thrown at [C:\re\workspace\8-2-build-windows-amd64-cygwin\jdk8u131\8869\hotspot\src\share\vm\classfile\systemDictionary.cpp, 
Event: 12.452 Thread 0x0000000017bc3800 Exception <a 'java/lang/ClassNotFoundException': org/springframework/orm/jpa/EntityManagerFactoryInfoCustomizer> (0x00000000ed5d3c70) thrown at [C:\re\workspace\8-2-build-windows-amd64-cygwin\jdk8u131\8869\hotspot\src\share\vm\classfile\systemDictionary.c
Event: 12.454 Thread 0x0000000017bc3800 Exception <a 'java/lang/ClassNotFoundException': org/springframework/dao/support/PersistenceExceptionTranslatorCustomizer> (0x00000000ed5f9828) thrown at [C:\re\workspace\8-2-build-windows-amd64-cygwin\jdk8u131\8869\hotspot\src\share\vm\classfile\systemDi

Events (10 events):
Event: 14.022 loading class org/postgresql/util/JdbcBlackHole
Event: 14.022 loading class org/postgresql/util/JdbcBlackHole done
Event: 14.024 loading class org/hibernate/engine/jdbc/env/spi/SQLStateType
Event: 14.024 loading class org/hibernate/engine/jdbc/env/spi/SQLStateType done
Event: 14.025 loading class org/hibernate/engine/jdbc/spi/TypeInfo
Event: 14.025 loading class org/hibernate/engine/jdbc/spi/TypeInfo done
Event: 14.027 loading class org/hibernate/internal/CoreMessageLogger_$logger_ru_RU
Event: 14.027 loading class org/hibernate/internal/CoreMessageLogger_$logger_ru_RU done
Event: 14.027 loading class org/hibernate/internal/CoreMessageLogger_$logger_ru
Event: 14.027 loading class org/hibernate/internal/CoreMessageLogger_$logger_ru done


Dynamic libraries:
0x00007ff7ccd10000 - 0x00007ff7ccd47000 	C:\Program Files\Java\jdk1.8.0_131\bin\java.exe
0x00007ffc6da30000 - 0x00007ffc6dc11000 	C:\WINDOWS\SYSTEM32\ntdll.dll
0x00007ffc6d180000 - 0x00007ffc6d232000 	C:\WINDOWS\System32\KERNEL32.DLL
0x00007ffc6ac40000 - 0x00007ffc6aeb3000 	C:\WINDOWS\System32\KERNELBASE.dll
0x00007ffc6d8d0000 - 0x00007ffc6d971000 	C:\WINDOWS\System32\ADVAPI32.dll
0x00007ffc6b2d0000 - 0x00007ffc6b36e000 	C:\WINDOWS\System32\msvcrt.dll
0x00007ffc6b5f0000 - 0x00007ffc6b64b000 	C:\WINDOWS\System32\sechost.dll
0x00007ffc6b0d0000 - 0x00007ffc6b1f4000 	C:\WINDOWS\System32\RPCRT4.dll
0x00007ffc6b370000 - 0x00007ffc6b500000 	C:\WINDOWS\System32\USER32.dll
0x00007ffc6ab30000 - 0x00007ffc6ab50000 	C:\WINDOWS\System32\win32u.dll
0x00007ffc6d8a0000 - 0x00007ffc6d8c8000 	C:\WINDOWS\System32\GDI32.dll
0x00007ffc69f30000 - 0x00007ffc6a0c2000 	C:\WINDOWS\System32\gdi32full.dll
0x00007ffc6ab50000 - 0x00007ffc6abef000 	C:\WINDOWS\System32\msvcp_win.dll
0x00007ffc6a9d0000 - 0x00007ffc6aaca000 	C:\WINDOWS\System32\ucrtbase.dll
0x00007ffc5ff10000 - 0x00007ffc60179000 	C:\WINDOWS\WinSxS\amd64_microsoft.windows.common-controls_6595b64144ccf1df_6.0.17134.228_none_fb4599993062b194\COMCTL32.dll
0x00007ffc6d3c0000 - 0x00007ffc6d6e3000 	C:\WINDOWS\System32\combase.dll
0x00007ffc69e00000 - 0x00007ffc69e7a000 	C:\WINDOWS\System32\bcryptPrimitives.dll
0x00007ffc6d860000 - 0x00007ffc6d88d000 	C:\WINDOWS\System32\IMM32.DLL
0x000000006af40000 - 0x000000006b012000 	C:\Program Files\Java\jdk1.8.0_131\jre\bin\msvcr100.dll
0x000000006a6a0000 - 0x000000006af3c000 	C:\Program Files\Java\jdk1.8.0_131\jre\bin\server\jvm.dll
0x00007ffc6d890000 - 0x00007ffc6d898000 	C:\WINDOWS\System32\PSAPI.DLL
0x00007ffc63540000 - 0x00007ffc63549000 	C:\WINDOWS\SYSTEM32\WSOCK32.dll
0x00007ffc6aec0000 - 0x00007ffc6af2c000 	C:\WINDOWS\System32\WS2_32.dll
0x00007ffc60950000 - 0x00007ffc60973000 	C:\WINDOWS\SYSTEM32\WINMM.dll
0x00007ffc603e0000 - 0x00007ffc603ea000 	C:\WINDOWS\SYSTEM32\VERSION.dll
0x00007ffc60740000 - 0x00007ffc6076a000 	C:\WINDOWS\SYSTEM32\WINMMBASE.dll
0x00007ffc6abf0000 - 0x00007ffc6ac39000 	C:\WINDOWS\System32\cfgmgr32.dll
0x000000006a690000 - 0x000000006a69f000 	C:\Program Files\Java\jdk1.8.0_131\jre\bin\verify.dll
0x000000006a660000 - 0x000000006a689000 	C:\Program Files\Java\jdk1.8.0_131\jre\bin\java.dll
0x000000006a530000 - 0x000000006a553000 	C:\Program Files\Java\jdk1.8.0_131\jre\bin\instrument.dll
0x000000006a640000 - 0x000000006a656000 	C:\Program Files\Java\jdk1.8.0_131\jre\bin\zip.dll
0x00007ffc6bd40000 - 0x00007ffc6d180000 	C:\WINDOWS\System32\SHELL32.dll
0x00007ffc6d6f0000 - 0x00007ffc6d799000 	C:\WINDOWS\System32\shcore.dll
0x00007ffc6a0d0000 - 0x00007ffc6a7dd000 	C:\WINDOWS\System32\windows.storage.dll
0x00007ffc6b7c0000 - 0x00007ffc6b811000 	C:\WINDOWS\System32\shlwapi.dll
0x00007ffc69d70000 - 0x00007ffc69d81000 	C:\WINDOWS\System32\kernel.appcore.dll
0x00007ffc69d50000 - 0x00007ffc69d6f000 	C:\WINDOWS\System32\profapi.dll
0x00007ffc69db0000 - 0x00007ffc69dfc000 	C:\WINDOWS\System32\powrprof.dll
0x00007ffc69d40000 - 0x00007ffc69d4a000 	C:\WINDOWS\System32\FLTLIB.DLL
0x00007ffc63570000 - 0x00007ffc6358a000 	C:\Program Files\JetBrains\IntelliJ IDEA Community Edition 2018.1.5\bin\breakgen64.dll
0x000000006a510000 - 0x000000006a52a000 	C:\Program Files\Java\jdk1.8.0_131\jre\bin\net.dll
0x00007ffc695c0000 - 0x00007ffc69626000 	C:\WINDOWS\system32\mswsock.dll
0x000000006a4e0000 - 0x000000006a4ed000 	C:\Program Files\Java\jdk1.8.0_131\jre\bin\management.dll
0x00007ffc61170000 - 0x00007ffc61186000 	C:\WINDOWS\system32\napinsp.dll
0x00007ffc53a10000 - 0x00007ffc53a2a000 	C:\WINDOWS\system32\pnrpnsp.dll
0x00007ffc64670000 - 0x00007ffc64689000 	C:\WINDOWS\system32\NLAapi.dll
0x00007ffc69380000 - 0x00007ffc6943e000 	C:\WINDOWS\SYSTEM32\DNSAPI.dll
0x00007ffc6b7b0000 - 0x00007ffc6b7b8000 	C:\WINDOWS\System32\NSI.dll
0x00007ffc69340000 - 0x00007ffc69378000 	C:\WINDOWS\SYSTEM32\IPHLPAPI.DLL
0x00007ffc65b60000 - 0x00007ffc65b6e000 	C:\WINDOWS\System32\winrnr.dll
0x00007ffc61ea0000 - 0x00007ffc61eaa000 	C:\Windows\System32\rasadhlp.dll
0x00007ffc62380000 - 0x00007ffc623f2000 	C:\WINDOWS\System32\fwpuclnt.dll
0x00007ffc698a0000 - 0x00007ffc698c5000 	C:\WINDOWS\SYSTEM32\bcrypt.dll
0x000000006a4f0000 - 0x000000006a501000 	C:\Program Files\Java\jdk1.8.0_131\jre\bin\nio.dll
0x00007ffc69770000 - 0x00007ffc69787000 	C:\WINDOWS\SYSTEM32\CRYPTSP.dll
0x00007ffc691a0000 - 0x00007ffc691d3000 	C:\WINDOWS\system32\rsaenh.dll
0x00007ffc69c70000 - 0x00007ffc69c98000 	C:\WINDOWS\SYSTEM32\USERENV.dll
0x00007ffc69790000 - 0x00007ffc6979b000 	C:\WINDOWS\SYSTEM32\CRYPTBASE.dll
0x00007ffc628e0000 - 0x00007ffc628f6000 	C:\WINDOWS\SYSTEM32\dhcpcsvc6.DLL
0x00007ffc635f0000 - 0x00007ffc6360a000 	C:\WINDOWS\SYSTEM32\dhcpcsvc.DLL

VM Arguments:
jvm_args: -javaagent:C:\Program Files\JetBrains\IntelliJ IDEA Community Edition 2018.1.5\lib\idea_rt.jar=61050:C:\Program Files\JetBrains\IntelliJ IDEA Community Edition 2018.1.5\bin -Dfile.encoding=UTF-8 
java_command: com.test.note.Application
java_class_path (initial): C:\Program Files\Java\jdk1.8.0_131\jre\lib\charsets.jar;C:\Program Files\Java\jdk1.8.0_131\jre\lib\deploy.jar;C:\Program Files\Java\jdk1.8.0_131\jre\lib\ext\access-bridge-64.jar;C:\Program Files\Java\jdk1.8.0_131\jre\lib\ext\cldrdata.jar;C:\Program Files\Java\jdk1.8.0_131\jre\lib\ext\dnsns.jar;C:\Program Files\Java\jdk1.8.0_131\jre\lib\ext\jaccess.jar;C:\Program Files\Java\jdk1.8.0_131\jre\lib\ext\jfxrt.jar;C:\Program Files\Java\jdk1.8.0_131\jre\lib\ext\localedata.jar;C:\Program Files\Java\jdk1.8.0_131\jre\lib\ext\nashorn.jar;C:\Program Files\Java\jdk1.8.0_131\jre\lib\ext\sunec.jar;C:\Program Files\Java\jdk1.8.0_131\jre\lib\ext\sunjce_provider.jar;C:\Program Files\Java\jdk1.8.0_131\jre\lib\ext\sunmscapi.jar;C:\Program Files\Java\jdk1.8.0_131\jre\lib\ext\sunpkcs11.jar;C:\Program Files\Java\jdk1.8.0_131\jre\lib\ext\zipfs.jar;C:\Program Files\Java\jdk1.8.0_131\jre\lib\javaws.jar;C:\Program Files\Java\jdk1.8.0_131\jre\lib\jce.jar;C:\Program Files\Java\jdk1.8.0_131\jre\lib\jfr.jar;C:\Program Files\Java\jdk1.8.0_131\jre\lib\jfxswt.jar;C:\Program Files\Java\jdk1.8.0_131\jre\lib\jsse.jar;C:\Program Files\Java\jdk1.8.0_131\jre\lib\management-agent.jar;C:\Program Files\Java\jdk1.8.0_131\jre\lib\plugin.jar;C:\Program Files\Java\jdk1.8.0_131\jre\lib\resources.jar;C:\Program Files\Java\jdk1.8.0_131\jre\lib\rt.jar;C:\Users\S\IdeaProjects\notes\target\classes;C:\Users\S\.m2\repository\org\springframework\boot\spring-boot-starter-web\2.0.3.RELEASE\spring-boot-starter-web-2.0.3.RELEASE.jar;C:\Users\S\.m2\repository\org\springframework\boot\spring-boot-starter\2.0.3.RELEASE\spring-boot-starter-2.0.3.RELEASE.jar;C:\Users\S\.m2\repository\org\springframework\boot\spring-boot-starter-logging\2.0.3.RELEASE\spring-boot-starter-logging-2.0.3.RELEASE.jar;C:\Users\S\.m2\repository\ch\qos\logback\logback-classic\1.2.3\logback-classic-1.2.3.jar;C:\Users\S\.m2\repository\ch\qos\logback\logback-core\1.2.3\logback-core-1.2.3.jar;C:\Users\S\.m2\repository\org\apache\lo
Launcher Type: SUN_STANDARD

Environment Variables:
PATH=C:\Program Files\Microsoft MPI\Bin\;C:\windows\system32;C:\windows;C:\windows\System32\Wbem;C:\windows\System32\WindowsPowerShell\v1.0\;C:\Program Files (x86)\NVIDIA Corporation\PhysX\Common;C:\Program Files\Microsoft SQL Server\130\Tools\Binn\;C:\Program Files\dotnet\;C:\Program Files\Git\cmd;C:\Program Files (x86)\GtkSharp\2.12\bin;C:\WINDOWS\system32;C:\WINDOWS;C:\WINDOWS\System32\Wbem;C:\WINDOWS\System32\WindowsPowerShell\v1.0\;C:\WINDOWS\System32\OpenSSH\;C:\MinGW\bin;C:\MinGW\msys\1.0\bin;C:\Program Files (x86)\Microsoft SQL Server\140\Tools\Binn\;C:\Program Files\Microsoft SQL Server\140\Tools\Binn\;C:\Program Files (x86)\Microsoft SQL Server\140\DTS\Binn\;C:\Program Files\Microsoft SQL Server\140\DTS\Binn\;C:\Program Files\Microsoft SQL Server\Client SDK\ODBC\130\Tools\Binn\;C:\Program Files (x86)\Microsoft SQL Server\Client SDK\ODBC\130\Tools\Binn\;C:\Program Files (x86)\Microsoft SQL Server\140\Tools\Binn\ManagementStudio\;C:\Users\S\AppData\Local\Microsoft\WindowsApps;E:\Quartus\modelsim_ase\win32aloem;C:\MinGW\msys\1.0\bin;C:\MinGW\bin;
USERNAME=S
OS=Windows_NT
PROCESSOR_IDENTIFIER=Intel64 Family 6 Model 42 Stepping 7, GenuineIntel



---------------  S Y S T E M  ---------------

OS: Windows 10.0 , 64 bit Build 17134 (10.0.17134.1)

CPU:total 4 (initial active 4) (2 cores per cpu, 2 threads per core) family 6 model 42 stepping 7, cmov, cx8, fxsr, mmx, sse, sse2, sse3, ssse3, sse4.1, sse4.2, popcnt, avx, clmul, ht, tsc, tscinvbit

Memory: 4k page, physical 4173364k(374176k free), swap 8269364k(5608k free)

vm_info: Java HotSpot(TM) 64-Bit Server VM (25.131-b11) for windows-amd64 JRE (1.8.0_131-b11), built on Mar 15 2017 01:23:53 by "java_re" with MS VC++ 10.0 (VS2010)

time: Fri Aug 17 22:32:51 2018
elapsed time: 14 seconds (0d 0h 0m 14s)

