#
# There is insufficient memory for the Java Runtime Environment to continue.
# Native memory allocation (malloc) failed to allocate 68784 bytes for Chunk::new
# Possible reasons:
#   The system is out of physical RAM or swap space
#   In 32 bit mode, the process size limit was hit
# Possible solutions:
#   Reduce memory load on the system
#   Increase physical memory or swap space
#   Check if swap backing store is full
#   Use 64 bit Java on a 64 bit OS
#   Decrease Java heap size (-Xmx/-Xms)
#   Decrease number of Java threads
#   Decrease Java thread stack sizes (-Xss)
#   Set larger code cache with -XX:ReservedCodeCacheSize=
# This output file may be truncated or incomplete.
#
#  Out of Memory Error (allocation.cpp:390), pid=7008, tid=0x0000000000001af0
#
# JRE version: Java(TM) SE Runtime Environment (8.0_131-b11) (build 1.8.0_131-b11)
# Java VM: Java HotSpot(TM) 64-Bit Server VM (25.131-b11 mixed mode windows-amd64 compressed oops)
# Failed to write core dump. Minidumps are not enabled by default on client versions of Windows
#

---------------  T H R E A D  ---------------

Current thread (0x0000000017161800):  JavaThread "C2 CompilerThread1" daemon [_thread_in_native, id=6896, stack(0x0000000017470000,0x0000000017570000)]

Stack: [0x0000000017470000,0x0000000017570000]
[error occurred during error reporting (printing stack bounds), id 0xc0000005]

Native frames: (J=compiled Java code, j=interpreted, Vv=VM code, C=native code)


Current CompileTask:
C2:  26733 4605       4       org.springframework.core.BridgeMethodResolver::findBridgedMethod (106 bytes)


---------------  P R O C E S S  ---------------

Java Threads: ( => current thread )
  0x000000001b99c000 JavaThread "DestroyJavaVM" [_thread_blocked, id=9160, stack(0x0000000002d90000,0x0000000002e90000)]
  0x000000001b9a3000 JavaThread "http-nio-8080-AsyncTimeout" daemon [_thread_blocked, id=13960, stack(0x00000000230a0000,0x00000000231a0000)]
  0x000000001b99b800 JavaThread "http-nio-8080-Acceptor-0" daemon [_thread_in_native, id=15052, stack(0x0000000022fa0000,0x00000000230a0000)]
  0x000000001b9a2000 JavaThread "http-nio-8080-ClientPoller-1" daemon [_thread_in_native, id=7680, stack(0x00000000229b0000,0x0000000022ab0000)]
  0x000000001b99d800 JavaThread "http-nio-8080-ClientPoller-0" daemon [_thread_in_native, id=9780, stack(0x00000000228b0000,0x00000000229b0000)]
  0x000000001b9a1800 JavaThread "http-nio-8080-exec-10" daemon [_thread_blocked, id=3124, stack(0x00000000227b0000,0x00000000228b0000)]
  0x000000001b9a0800 JavaThread "http-nio-8080-exec-9" daemon [_thread_blocked, id=10392, stack(0x00000000226b0000,0x00000000227b0000)]
  0x000000001b99f000 JavaThread "http-nio-8080-exec-8" daemon [_thread_blocked, id=14160, stack(0x00000000225b0000,0x00000000226b0000)]
  0x000000001b9a0000 JavaThread "http-nio-8080-exec-7" daemon [_thread_blocked, id=3016, stack(0x00000000224b0000,0x00000000225b0000)]
  0x000000001b99e800 JavaThread "http-nio-8080-exec-6" daemon [_thread_blocked, id=12784, stack(0x00000000223b0000,0x00000000224b0000)]
  0x000000001bd71000 JavaThread "http-nio-8080-exec-5" daemon [_thread_blocked, id=9944, stack(0x00000000222b0000,0x00000000223b0000)]
  0x000000001bd6f800 JavaThread "http-nio-8080-exec-4" daemon [_thread_blocked, id=14032, stack(0x00000000221b0000,0x00000000222b0000)]
  0x000000001bd6f000 JavaThread "http-nio-8080-exec-3" daemon [_thread_blocked, id=12916, stack(0x00000000220b0000,0x00000000221b0000)]
  0x000000001bd6e000 JavaThread "http-nio-8080-exec-2" daemon [_thread_blocked, id=14680, stack(0x0000000021fb0000,0x00000000220b0000)]
  0x000000001bd6c800 JavaThread "http-nio-8080-exec-1" daemon [_thread_blocked, id=4484, stack(0x0000000021bd0000,0x0000000021cd0000)]
  0x000000001bd6c000 JavaThread "NioBlockingSelector.BlockPoller-1" daemon [_thread_in_native, id=7004, stack(0x0000000021ad0000,0x0000000021bd0000)]
  0x000000001bd6d800 JavaThread "Live Reload Server" daemon [_thread_in_native, id=2444, stack(0x00000000219d0000,0x0000000021ad0000)]
  0x000000001bd70800 JavaThread "File Watcher" daemon [_thread_blocked, id=8320, stack(0x0000000020560000,0x0000000020660000)]
  0x000000001bd6b000 JavaThread "HikariPool-1 housekeeper" daemon [_thread_blocked, id=2120, stack(0x000000001fd60000,0x000000001fe60000)]
  0x000000001bd72000 JavaThread "PostgreSQL-JDBC-SharedTimer-1" daemon [_thread_blocked, id=7036, stack(0x000000001f8c0000,0x000000001f9c0000)]
  0x0000000018c8d000 JavaThread "container-0" [_thread_blocked, id=9804, stack(0x000000001f380000,0x000000001f480000)]
  0x000000001d374000 JavaThread "ContainerBackgroundProcessor[StandardEngine[Tomcat]]" daemon [_thread_blocked, id=5920, stack(0x000000001f280000,0x000000001f380000)]
  0x0000000017242800 JavaThread "Service Thread" daemon [_thread_blocked, id=10436, stack(0x0000000017670000,0x0000000017770000)]
  0x0000000017165000 JavaThread "C1 CompilerThread2" daemon [_thread_blocked, id=7828, stack(0x0000000017570000,0x0000000017670000)]
=>0x0000000017161800 JavaThread "C2 CompilerThread1" daemon [_thread_in_native, id=6896, stack(0x0000000017470000,0x0000000017570000)]
  0x00000000171b6000 JavaThread "C2 CompilerThread0" daemon [_thread_in_native, id=12512, stack(0x0000000017370000,0x0000000017470000)]
  0x000000001714b800 JavaThread "Monitor Ctrl-Break" daemon [_thread_in_native, id=5672, stack(0x0000000017270000,0x0000000017370000)]
  0x000000001582d800 JavaThread "Attach Listener" daemon [_thread_blocked, id=11216, stack(0x0000000016d70000,0x0000000016e70000)]
  0x000000001582c800 JavaThread "Signal Dispatcher" daemon [_thread_blocked, id=12144, stack(0x0000000016c70000,0x0000000016d70000)]
  0x000000001580b000 JavaThread "Finalizer" daemon [_thread_blocked, id=15164, stack(0x0000000016a70000,0x0000000016b70000)]
  0x0000000003175000 JavaThread "Reference Handler" daemon [_thread_blocked, id=13848, stack(0x0000000016970000,0x0000000016a70000)]

Other Threads:
  0x00000000157e8000 VMThread [stack: 0x0000000016870000,0x0000000016970000] [id=15004]
  0x000000001726e800 WatcherThread [stack: 0x00000000180b0000,0x00000000181b0000] [id=12416]

VM state:not at safepoint (normal execution)

VM Mutex/Monitor currently owned by a thread: None

Heap:
 PSYoungGen      total 229376K, used 193766K [0x00000000eac00000, 0x00000000f9e00000, 0x0000000100000000)
  eden space 216576K, 83% used [0x00000000eac00000,0x00000000f5cbc7e0,0x00000000f7f80000)
  from space 12800K, 99% used [0x00000000f9180000,0x00000000f9dfd1b8,0x00000000f9e00000)
  to   space 15360K, 0% used [0x00000000f8000000,0x00000000f8000000,0x00000000f8f00000)
 ParOldGen       total 50176K, used 18156K [0x00000000c0400000, 0x00000000c3500000, 0x00000000eac00000)
  object space 50176K, 36% used [0x00000000c0400000,0x00000000c15bb050,0x00000000c3500000)
 Metaspace       used 51640K, capacity 53810K, committed 53936K, reserved 1095680K
  class space    used 6892K, capacity 7305K, committed 7344K, reserved 1048576K

Card table byte_map: [0x0000000012540000,0x0000000012740000] byte_map_base: 0x0000000011f3e000

Marking Bits: (ParMarkBitMap*) 0x000000006aebc720
 Begin Bits: [0x0000000012ca0000, 0x0000000013c90000)
 End Bits:   [0x0000000013c90000, 0x0000000014c80000)

Polling page: 0x0000000001110000

CodeCache: size=245760Kb used=15285Kb max_used=15308Kb free=230474Kb
 bounds [0x0000000003180000, 0x0000000004080000, 0x0000000012180000]
 total_blobs=4602 nmethods=4112 adapters=402
 compilation: enabled

Compilation events (10 events):
Event: 25.829 Thread 0x0000000017165000 4686   !   2       org.springframework.util.ConcurrentReferenceHashMap$Segment::clear (63 bytes)
Event: 25.830 Thread 0x0000000017165000 nmethod 4686 0x000000000407c990 code [0x000000000407cb40, 0x000000000407ce58]
Event: 26.028 Thread 0x0000000017165000 4688       2       org.apache.catalina.core.DefaultInstanceManager::findLifecycleCallback (126 bytes)
Event: 26.031 Thread 0x0000000017165000 nmethod 4688 0x000000000407d0d0 code [0x000000000407d360, 0x000000000407dd68]
Event: 26.036 Thread 0x0000000017165000 4689       2       org.springframework.core.ResolvableType$WildcardBounds::get (134 bytes)
Event: 26.037 Thread 0x0000000017165000 nmethod 4689 0x00000000032e7dd0 code [0x00000000032e7fa0, 0x00000000032e8578]
Event: 26.041 Thread 0x0000000017165000 4690       1       org.springframework.util.ConcurrentReferenceHashMap::access$600 (5 bytes)
Event: 26.042 Thread 0x0000000017165000 nmethod 4690 0x00000000032a3010 code [0x00000000032a3160, 0x00000000032a3250]
Event: 26.046 Thread 0x0000000017165000 4691   !   2       org.springframework.util.ConcurrentReferenceHashMap$Segment::restructureIfNecessary (354 bytes)
Event: 26.050 Thread 0x0000000017165000 nmethod 4691 0x00000000032e5b10 code [0x00000000032e5da0, 0x00000000032e6c98]

GC Heap History (10 events):
Event: 10.038 GC heap before
{Heap before GC invocations=10 (full 1):
 PSYoungGen      total 120320K, used 119851K [0x00000000eac00000, 0x00000000f3a80000, 0x0000000100000000)
  eden space 112128K, 100% used [0x00000000eac00000,0x00000000f1980000,0x00000000f1980000)
  from space 8192K, 94% used [0x00000000f3280000,0x00000000f3a0ac90,0x00000000f3a80000)
  to   space 9728K, 0% used [0x00000000f2780000,0x00000000f2780000,0x00000000f3100000)
 ParOldGen       total 30720K, used 8161K [0x00000000c0400000, 0x00000000c2200000, 0x00000000eac00000)
  object space 30720K, 26% used [0x00000000c0400000,0x00000000c0bf8718,0x00000000c2200000)
 Metaspace       used 28824K, capacity 29894K, committed 30128K, reserved 1075200K
  class space    used 3724K, capacity 3965K, committed 4016K, reserved 1048576K
Event: 10.059 GC heap after
Heap after GC invocations=10 (full 1):
 PSYoungGen      total 136192K, used 9714K [0x00000000eac00000, 0x00000000f5e00000, 0x0000000100000000)
  eden space 126464K, 0% used [0x00000000eac00000,0x00000000eac00000,0x00000000f2780000)
  from space 9728K, 99% used [0x00000000f2780000,0x00000000f30fc8b8,0x00000000f3100000)
  to   space 11776K, 0% used [0x00000000f5280000,0x00000000f5280000,0x00000000f5e00000)
 ParOldGen       total 30720K, used 10589K [0x00000000c0400000, 0x00000000c2200000, 0x00000000eac00000)
  object space 30720K, 34% used [0x00000000c0400000,0x00000000c0e576f0,0x00000000c2200000)
 Metaspace       used 28824K, capacity 29894K, committed 30128K, reserved 1075200K
  class space    used 3724K, capacity 3965K, committed 4016K, reserved 1048576K
}
Event: 12.572 GC heap before
{Heap before GC invocations=11 (full 1):
 PSYoungGen      total 136192K, used 136178K [0x00000000eac00000, 0x00000000f5e00000, 0x0000000100000000)
  eden space 126464K, 100% used [0x00000000eac00000,0x00000000f2780000,0x00000000f2780000)
  from space 9728K, 99% used [0x00000000f2780000,0x00000000f30fc8b8,0x00000000f3100000)
  to   space 11776K, 0% used [0x00000000f5280000,0x00000000f5280000,0x00000000f5e00000)
 ParOldGen       total 30720K, used 10589K [0x00000000c0400000, 0x00000000c2200000, 0x00000000eac00000)
  object space 30720K, 34% used [0x00000000c0400000,0x00000000c0e576f0,0x00000000c2200000)
 Metaspace       used 33546K, capacity 35038K, committed 35376K, reserved 1079296K
  class space    used 4294K, capacity 4577K, committed 4656K, reserved 1048576K
Event: 12.607 GC heap after
Heap after GC invocations=11 (full 1):
 PSYoungGen      total 169472K, used 9029K [0x00000000eac00000, 0x00000000f7100000, 0x0000000100000000)
  eden space 157696K, 0% used [0x00000000eac00000,0x00000000eac00000,0x00000000f4600000)
  from space 11776K, 76% used [0x00000000f5280000,0x00000000f5b517f8,0x00000000f5e00000)
  to   space 12800K, 0% used [0x00000000f4600000,0x00000000f4600000,0x00000000f5280000)
 ParOldGen       total 30720K, used 16357K [0x00000000c0400000, 0x00000000c2200000, 0x00000000eac00000)
  object space 30720K, 53% used [0x00000000c0400000,0x00000000c13f9718,0x00000000c2200000)
 Metaspace       used 33546K, capacity 35038K, committed 35376K, reserved 1079296K
  class space    used 4294K, capacity 4577K, committed 4656K, reserved 1048576K
}
Event: 13.039 GC heap before
{Heap before GC invocations=12 (full 1):
 PSYoungGen      total 169472K, used 20163K [0x00000000eac00000, 0x00000000f7100000, 0x0000000100000000)
  eden space 157696K, 7% used [0x00000000eac00000,0x00000000eb6df6c8,0x00000000f4600000)
  from space 11776K, 76% used [0x00000000f5280000,0x00000000f5b517f8,0x00000000f5e00000)
  to   space 12800K, 0% used [0x00000000f4600000,0x00000000f4600000,0x00000000f5280000)
 ParOldGen       total 30720K, used 16357K [0x00000000c0400000, 0x00000000c2200000, 0x00000000eac00000)
  object space 30720K, 53% used [0x00000000c0400000,0x00000000c13f9718,0x00000000c2200000)
 Metaspace       used 33908K, capacity 35354K, committed 35496K, reserved 1081344K
  class space    used 4347K, capacity 4613K, committed 4656K, reserved 1048576K
Event: 13.063 GC heap after
Heap after GC invocations=12 (full 1):
 PSYoungGen      total 170496K, used 976K [0x00000000eac00000, 0x00000000f9e00000, 0x0000000100000000)
  eden space 157696K, 0% used [0x00000000eac00000,0x00000000eac00000,0x00000000f4600000)
  from space 12800K, 7% used [0x00000000f4600000,0x00000000f46f4158,0x00000000f5280000)
  to   space 12800K, 0% used [0x00000000f9180000,0x00000000f9180000,0x00000000f9e00000)
 ParOldGen       total 30720K, used 22550K [0x00000000c0400000, 0x00000000c2200000, 0x00000000eac00000)
  object space 30720K, 73% used [0x00000000c0400000,0x00000000c1a059d8,0x00000000c2200000)
 Metaspace       used 33908K, capacity 35354K, committed 35496K, reserved 1081344K
  class space    used 4347K, capacity 4613K, committed 4656K, reserved 1048576K
}
Event: 13.063 GC heap before
{Heap before GC invocations=13 (full 2):
 PSYoungGen      total 170496K, used 976K [0x00000000eac00000, 0x00000000f9e00000, 0x0000000100000000)
  eden space 157696K, 0% used [0x00000000eac00000,0x00000000eac00000,0x00000000f4600000)
  from space 12800K, 7% used [0x00000000f4600000,0x00000000f46f4158,0x00000000f5280000)
  to   space 12800K, 0% used [0x00000000f9180000,0x00000000f9180000,0x00000000f9e00000)
 ParOldGen       total 30720K, used 22550K [0x00000000c0400000, 0x00000000c2200000, 0x00000000eac00000)
  object space 30720K, 73% used [0x00000000c0400000,0x00000000c1a059d8,0x00000000c2200000)
 Metaspace       used 33908K, capacity 35354K, committed 35496K, reserved 1081344K
  class space    used 4347K, capacity 4613K, committed 4656K, reserved 1048576K
Event: 13.229 GC heap after
Heap after GC invocations=13 (full 2):
 PSYoungGen      total 170496K, used 0K [0x00000000eac00000, 0x00000000f9e00000, 0x0000000100000000)
  eden space 157696K, 0% used [0x00000000eac00000,0x00000000eac00000,0x00000000f4600000)
  from space 12800K, 0% used [0x00000000f4600000,0x00000000f4600000,0x00000000f5280000)
  to   space 12800K, 0% used [0x00000000f9180000,0x00000000f9180000,0x00000000f9e00000)
 ParOldGen       total 50176K, used 16878K [0x00000000c0400000, 0x00000000c3500000, 0x00000000eac00000)
  object space 50176K, 33% used [0x00000000c0400000,0x00000000c147b880,0x00000000c3500000)
 Metaspace       used 33908K, capacity 35354K, committed 35496K, reserved 1081344K
  class space    used 4347K, capacity 4613K, committed 4656K, reserved 1048576K
}
Event: 20.476 GC heap before
{Heap before GC invocations=14 (full 2):
 PSYoungGen      total 170496K, used 157696K [0x00000000eac00000, 0x00000000f9e00000, 0x0000000100000000)
  eden space 157696K, 100% used [0x00000000eac00000,0x00000000f4600000,0x00000000f4600000)
  from space 12800K, 0% used [0x00000000f4600000,0x00000000f4600000,0x00000000f5280000)
  to   space 12800K, 0% used [0x00000000f9180000,0x00000000f9180000,0x00000000f9e00000)
 ParOldGen       total 50176K, used 16878K [0x00000000c0400000, 0x00000000c3500000, 0x00000000eac00000)
  object space 50176K, 33% used [0x00000000c0400000,0x00000000c147b880,0x00000000c3500000)
 Metaspace       used 46286K, capacity 47852K, committed 48304K, reserved 1091584K
  class space    used 6166K, capacity 6465K, committed 6576K, reserved 1048576K
Event: 20.538 GC heap after
Heap after GC invocations=14 (full 2):
 PSYoungGen      total 229376K, used 12788K [0x00000000eac00000, 0x00000000f9e00000, 0x0000000100000000)
  eden space 216576K, 0% used [0x00000000eac00000,0x00000000eac00000,0x00000000f7f80000)
  from space 12800K, 99% used [0x00000000f9180000,0x00000000f9dfd1b8,0x00000000f9e00000)
  to   space 15360K, 0% used [0x00000000f8000000,0x00000000f8000000,0x00000000f8f00000)
 ParOldGen       total 50176K, used 18156K [0x00000000c0400000, 0x00000000c3500000, 0x00000000eac00000)
  object space 50176K, 36% used [0x00000000c0400000,0x00000000c15bb050,0x00000000c3500000)
 Metaspace       used 46286K, capacity 47852K, committed 48304K, reserved 1091584K
  class space    used 6166K, capacity 6465K, committed 6576K, reserved 1048576K
}

Deoptimization events (10 events):
Event: 24.031 Thread 0x0000000018304000 Uncommon trap: reason=unstable_if action=reinterpret pc=0x00000000035939d0 method=java.util.concurrent.ConcurrentHashMap.transfer([Ljava/util/concurrent/ConcurrentHashMap$Node;[Ljava/util/concurrent/ConcurrentHashMap$Node;)V @ 356
Event: 25.654 Thread 0x0000000018304000 Uncommon trap: reason=predicate action=maybe_recompile pc=0x0000000004066c48 method=org.springframework.util.ReflectionUtils.doWithMethods(Ljava/lang/Class;Lorg/springframework/util/ReflectionUtils$MethodCallback;Lorg/springframework/util/ReflectionUtils$
Event: 25.828 Thread 0x0000000018304000 Uncommon trap: reason=unstable_if action=reinterpret pc=0x0000000003b0c994 method=org.springframework.util.ConcurrentReferenceHashMap$Segment.clear()V @ 4
Event: 26.034 Thread 0x0000000018304000 Uncommon trap: reason=bimorphic action=maybe_recompile pc=0x00000000038b6ad0 method=java.util.Hashtable.get(Ljava/lang/Object;)Ljava/lang/Object; @ 6
Event: 26.035 Thread 0x0000000018304000 Uncommon trap: reason=bimorphic action=maybe_recompile pc=0x00000000038b6ad0 method=java.util.Hashtable.get(Ljava/lang/Object;)Ljava/lang/Object; @ 6
Event: 26.041 Thread 0x0000000018304000 Uncommon trap: reason=unstable_if action=reinterpret pc=0x0000000003901c98 method=org.springframework.util.ConcurrentReferenceHashMap$Segment.restructureIfNecessary(Z)V @ 33
Event: 26.625 Thread 0x000000001bd70800 Uncommon trap: reason=class_check action=maybe_recompile pc=0x0000000003ce8188 method=java.util.AbstractCollection.containsAll(Ljava/util/Collection;)Z @ 1
Event: 26.625 Thread 0x000000001bd70800 Uncommon trap: reason=class_check action=maybe_recompile pc=0x0000000003ce8188 method=java.util.AbstractCollection.containsAll(Ljava/util/Collection;)Z @ 1
Event: 26.626 Thread 0x000000001bd70800 Uncommon trap: reason=class_check action=maybe_recompile pc=0x0000000003ce8188 method=java.util.AbstractCollection.containsAll(Ljava/util/Collection;)Z @ 1
Event: 26.626 Thread 0x000000001bd70800 Uncommon trap: reason=class_check action=maybe_recompile pc=0x0000000003ce8188 method=java.util.AbstractCollection.containsAll(Ljava/util/Collection;)Z @ 1

Internal exceptions (10 events):
Event: 25.614 Thread 0x0000000018304000 Exception <a 'java/lang/ClassNotFoundException': org/springframework/boot/devtools/livereload/LiveReloadServerCustomizer> (0x00000000f4908718) thrown at [C:\re\workspace\8-2-build-windows-amd64-cygwin\jdk8u131\8869\hotspot\src\share\vm\classfile\systemDic
Event: 25.617 Thread 0x0000000018304000 Exception <a 'java/lang/ClassNotFoundException': java/lang/ObjectCustomizer> (0x00000000f491cb30) thrown at [C:\re\workspace\8-2-build-windows-amd64-cygwin\jdk8u131\8869\hotspot\src\share\vm\classfile\systemDictionary.cpp, line 210]
Event: 25.618 Thread 0x0000000018304000 Exception <a 'java/lang/ClassNotFoundException': org/springframework/boot/devtools/autoconfigure/OptionalLiveReloadServerCustomizer> (0x00000000f493b2f0) thrown at [C:\re\workspace\8-2-build-windows-amd64-cygwin\jdk8u131\8869\hotspot\src\share\vm\classfil
Event: 25.620 Thread 0x0000000018304000 Exception <a 'java/lang/ClassNotFoundException': org/springframework/beans/factory/InitializingBeanCustomizer> (0x00000000f4953c70) thrown at [C:\re\workspace\8-2-build-windows-amd64-cygwin\jdk8u131\8869\hotspot\src\share\vm\classfile\systemDictionary.cpp
Event: 25.632 Thread 0x0000000018304000 Exception <a 'java/lang/ClassNotFoundException': java/lang/ObjectCustomizer> (0x00000000f4974cd0) thrown at [C:\re\workspace\8-2-build-windows-amd64-cygwin\jdk8u131\8869\hotspot\src\share\vm\classfile\systemDictionary.cpp, line 210]
Event: 25.634 Thread 0x0000000018304000 Exception <a 'java/lang/ClassNotFoundException': org/springframework/boot/devtools/autoconfigure/LocalDevToolsAutoConfiguration$LiveReloadServerEventListenerCustomizer> (0x00000000f499c748) thrown at [C:\re\workspace\8-2-build-windows-amd64-cygwin\jdk8u13
Event: 25.637 Thread 0x0000000018304000 Exception <a 'java/lang/ClassNotFoundException': java/lang/ObjectCustomizer> (0x00000000f49ae8c8) thrown at [C:\re\workspace\8-2-build-windows-amd64-cygwin\jdk8u131\8869\hotspot\src\share\vm\classfile\systemDictionary.cpp, line 210]
Event: 25.638 Thread 0x0000000018304000 Exception <a 'java/lang/ClassNotFoundException': org/springframework/boot/devtools/autoconfigure/LocalDevToolsAutoConfigurationCustomizer> (0x00000000f49cef08) thrown at [C:\re\workspace\8-2-build-windows-amd64-cygwin\jdk8u131\8869\hotspot\src\share\vm\cl
Event: 25.640 Thread 0x0000000018304000 Exception <a 'java/lang/ClassNotFoundException': org/springframework/boot/devtools/autoconfigure/LocalDevToolsAutoConfiguration$$EnhancerBySpringCGLIB$$23b6dae8Customizer> (0x00000000f49f4d80) thrown at [C:\re\workspace\8-2-build-windows-amd64-cygwin\jdk8
Event: 25.641 Thread 0x0000000018304000 Exception <a 'java/lang/ClassNotFoundException': org/springframework/context/annotation/ConfigurationClassEnhancer$EnhancedConfigurationCustomizer> (0x00000000f4a19768) thrown at [C:\re\workspace\8-2-build-windows-amd64-cygwin\jdk8u131\8869\hotspot\src\sh

Events (10 events):
Event: 26.625 Thread 0x000000001bd70800 DEOPT UNPACKING pc=0x00000000031c582a sp=0x000000002065f3c8 mode 2
Event: 26.625 Thread 0x000000001bd70800 Uncommon trap: trap_request=0xffffffde fr.pc=0x0000000003ce8188
Event: 26.625 Thread 0x000000001bd70800 DEOPT PACKING pc=0x0000000003ce8188 sp=0x000000002065f360
Event: 26.625 Thread 0x000000001bd70800 DEOPT UNPACKING pc=0x00000000031c582a sp=0x000000002065f308 mode 2
Event: 26.626 Thread 0x000000001bd70800 Uncommon trap: trap_request=0xffffffde fr.pc=0x0000000003ce8188
Event: 26.626 Thread 0x000000001bd70800 DEOPT PACKING pc=0x0000000003ce8188 sp=0x000000002065f420
Event: 26.626 Thread 0x000000001bd70800 DEOPT UNPACKING pc=0x00000000031c582a sp=0x000000002065f3c8 mode 2
Event: 26.626 Thread 0x000000001bd70800 Uncommon trap: trap_request=0xffffffde fr.pc=0x0000000003ce8188
Event: 26.626 Thread 0x000000001bd70800 DEOPT PACKING pc=0x0000000003ce8188 sp=0x000000002065f360
Event: 26.626 Thread 0x000000001bd70800 DEOPT UNPACKING pc=0x00000000031c582a sp=0x000000002065f308 mode 2


Dynamic libraries:
0x00007ff7ccd10000 - 0x00007ff7ccd47000 	C:\Program Files\Java\jdk1.8.0_131\bin\java.exe
0x00007ffc6da30000 - 0x00007ffc6dc11000 	C:\WINDOWS\SYSTEM32\ntdll.dll
0x00007ffc6d180000 - 0x00007ffc6d232000 	C:\WINDOWS\System32\KERNEL32.DLL
0x00007ffc6ac40000 - 0x00007ffc6aeb3000 	C:\WINDOWS\System32\KERNELBASE.dll
0x00007ffc6d8d0000 - 0x00007ffc6d971000 	C:\WINDOWS\System32\ADVAPI32.dll
0x00007ffc6b2d0000 - 0x00007ffc6b36e000 	C:\WINDOWS\System32\msvcrt.dll
0x00007ffc6b5f0000 - 0x00007ffc6b64b000 	C:\WINDOWS\System32\sechost.dll
0x00007ffc6b0d0000 - 0x00007ffc6b1f4000 	C:\WINDOWS\System32\RPCRT4.dll
0x00007ffc6b370000 - 0x00007ffc6b500000 	C:\WINDOWS\System32\USER32.dll
0x00007ffc6ab30000 - 0x00007ffc6ab50000 	C:\WINDOWS\System32\win32u.dll
0x00007ffc6d8a0000 - 0x00007ffc6d8c8000 	C:\WINDOWS\System32\GDI32.dll
0x00007ffc69f30000 - 0x00007ffc6a0c2000 	C:\WINDOWS\System32\gdi32full.dll
0x00007ffc6ab50000 - 0x00007ffc6abef000 	C:\WINDOWS\System32\msvcp_win.dll
0x00007ffc6a9d0000 - 0x00007ffc6aaca000 	C:\WINDOWS\System32\ucrtbase.dll
0x00007ffc5ff10000 - 0x00007ffc60179000 	C:\WINDOWS\WinSxS\amd64_microsoft.windows.common-controls_6595b64144ccf1df_6.0.17134.228_none_fb4599993062b194\COMCTL32.dll
0x00007ffc6d3c0000 - 0x00007ffc6d6e3000 	C:\WINDOWS\System32\combase.dll
0x00007ffc69e00000 - 0x00007ffc69e7a000 	C:\WINDOWS\System32\bcryptPrimitives.dll
0x00007ffc6d860000 - 0x00007ffc6d88d000 	C:\WINDOWS\System32\IMM32.DLL
0x000000006af40000 - 0x000000006b012000 	C:\Program Files\Java\jdk1.8.0_131\jre\bin\msvcr100.dll
0x000000006a6a0000 - 0x000000006af3c000 	C:\Program Files\Java\jdk1.8.0_131\jre\bin\server\jvm.dll
0x00007ffc6d890000 - 0x00007ffc6d898000 	C:\WINDOWS\System32\PSAPI.DLL
0x00007ffc63540000 - 0x00007ffc63549000 	C:\WINDOWS\SYSTEM32\WSOCK32.dll
0x00007ffc6aec0000 - 0x00007ffc6af2c000 	C:\WINDOWS\System32\WS2_32.dll
0x00007ffc60950000 - 0x00007ffc60973000 	C:\WINDOWS\SYSTEM32\WINMM.dll
0x00007ffc603e0000 - 0x00007ffc603ea000 	C:\WINDOWS\SYSTEM32\VERSION.dll
0x00007ffc60740000 - 0x00007ffc6076a000 	C:\WINDOWS\SYSTEM32\WINMMBASE.dll
0x00007ffc6abf0000 - 0x00007ffc6ac39000 	C:\WINDOWS\System32\cfgmgr32.dll
0x000000006a690000 - 0x000000006a69f000 	C:\Program Files\Java\jdk1.8.0_131\jre\bin\verify.dll
0x000000006a660000 - 0x000000006a689000 	C:\Program Files\Java\jdk1.8.0_131\jre\bin\java.dll
0x000000006a530000 - 0x000000006a553000 	C:\Program Files\Java\jdk1.8.0_131\jre\bin\instrument.dll
0x000000006a640000 - 0x000000006a656000 	C:\Program Files\Java\jdk1.8.0_131\jre\bin\zip.dll
0x00007ffc6bd40000 - 0x00007ffc6d180000 	C:\WINDOWS\System32\SHELL32.dll
0x00007ffc6d6f0000 - 0x00007ffc6d799000 	C:\WINDOWS\System32\shcore.dll
0x00007ffc6a0d0000 - 0x00007ffc6a7dd000 	C:\WINDOWS\System32\windows.storage.dll
0x00007ffc6b7c0000 - 0x00007ffc6b811000 	C:\WINDOWS\System32\shlwapi.dll
0x00007ffc69d70000 - 0x00007ffc69d81000 	C:\WINDOWS\System32\kernel.appcore.dll
0x00007ffc69d50000 - 0x00007ffc69d6f000 	C:\WINDOWS\System32\profapi.dll
0x00007ffc69db0000 - 0x00007ffc69dfc000 	C:\WINDOWS\System32\powrprof.dll
0x00007ffc69d40000 - 0x00007ffc69d4a000 	C:\WINDOWS\System32\FLTLIB.DLL
0x00007ffc64f40000 - 0x00007ffc64f5a000 	C:\Program Files\JetBrains\IntelliJ IDEA Community Edition 2018.1.5\bin\breakgen64.dll
0x000000006a510000 - 0x000000006a52a000 	C:\Program Files\Java\jdk1.8.0_131\jre\bin\net.dll
0x00007ffc695c0000 - 0x00007ffc69626000 	C:\WINDOWS\system32\mswsock.dll
0x000000006a4e0000 - 0x000000006a4ed000 	C:\Program Files\Java\jdk1.8.0_131\jre\bin\management.dll
0x00007ffc61170000 - 0x00007ffc61186000 	C:\WINDOWS\system32\napinsp.dll
0x00007ffc53a10000 - 0x00007ffc53a2a000 	C:\WINDOWS\system32\pnrpnsp.dll
0x00007ffc64670000 - 0x00007ffc64689000 	C:\WINDOWS\system32\NLAapi.dll
0x00007ffc69380000 - 0x00007ffc6943e000 	C:\WINDOWS\SYSTEM32\DNSAPI.dll
0x00007ffc6b7b0000 - 0x00007ffc6b7b8000 	C:\WINDOWS\System32\NSI.dll
0x00007ffc69340000 - 0x00007ffc69378000 	C:\WINDOWS\SYSTEM32\IPHLPAPI.DLL
0x00007ffc65b60000 - 0x00007ffc65b6e000 	C:\WINDOWS\System32\winrnr.dll
0x00007ffc61ea0000 - 0x00007ffc61eaa000 	C:\Windows\System32\rasadhlp.dll
0x00007ffc62380000 - 0x00007ffc623f2000 	C:\WINDOWS\System32\fwpuclnt.dll
0x00007ffc698a0000 - 0x00007ffc698c5000 	C:\WINDOWS\SYSTEM32\bcrypt.dll
0x000000006a4f0000 - 0x000000006a501000 	C:\Program Files\Java\jdk1.8.0_131\jre\bin\nio.dll
0x00007ffc69770000 - 0x00007ffc69787000 	C:\WINDOWS\SYSTEM32\CRYPTSP.dll
0x00007ffc691a0000 - 0x00007ffc691d3000 	C:\WINDOWS\system32\rsaenh.dll
0x00007ffc69c70000 - 0x00007ffc69c98000 	C:\WINDOWS\SYSTEM32\USERENV.dll
0x00007ffc69790000 - 0x00007ffc6979b000 	C:\WINDOWS\SYSTEM32\CRYPTBASE.dll
0x00007ffc628e0000 - 0x00007ffc628f6000 	C:\WINDOWS\SYSTEM32\dhcpcsvc6.DLL
0x00007ffc635f0000 - 0x00007ffc6360a000 	C:\WINDOWS\SYSTEM32\dhcpcsvc.DLL

VM Arguments:
jvm_args: -javaagent:C:\Program Files\JetBrains\IntelliJ IDEA Community Edition 2018.1.5\lib\idea_rt.jar=61013:C:\Program Files\JetBrains\IntelliJ IDEA Community Edition 2018.1.5\bin -Dfile.encoding=UTF-8 
java_command: com.test.note.Application
java_class_path (initial): C:\Program Files\Java\jdk1.8.0_131\jre\lib\charsets.jar;C:\Program Files\Java\jdk1.8.0_131\jre\lib\deploy.jar;C:\Program Files\Java\jdk1.8.0_131\jre\lib\ext\access-bridge-64.jar;C:\Program Files\Java\jdk1.8.0_131\jre\lib\ext\cldrdata.jar;C:\Program Files\Java\jdk1.8.0_131\jre\lib\ext\dnsns.jar;C:\Program Files\Java\jdk1.8.0_131\jre\lib\ext\jaccess.jar;C:\Program Files\Java\jdk1.8.0_131\jre\lib\ext\jfxrt.jar;C:\Program Files\Java\jdk1.8.0_131\jre\lib\ext\localedata.jar;C:\Program Files\Java\jdk1.8.0_131\jre\lib\ext\nashorn.jar;C:\Program Files\Java\jdk1.8.0_131\jre\lib\ext\sunec.jar;C:\Program Files\Java\jdk1.8.0_131\jre\lib\ext\sunjce_provider.jar;C:\Program Files\Java\jdk1.8.0_131\jre\lib\ext\sunmscapi.jar;C:\Program Files\Java\jdk1.8.0_131\jre\lib\ext\sunpkcs11.jar;C:\Program Files\Java\jdk1.8.0_131\jre\lib\ext\zipfs.jar;C:\Program Files\Java\jdk1.8.0_131\jre\lib\javaws.jar;C:\Program Files\Java\jdk1.8.0_131\jre\lib\jce.jar;C:\Program Files\Java\jdk1.8.0_131\jre\lib\jfr.jar;C:\Program Files\Java\jdk1.8.0_131\jre\lib\jfxswt.jar;C:\Program Files\Java\jdk1.8.0_131\jre\lib\jsse.jar;C:\Program Files\Java\jdk1.8.0_131\jre\lib\management-agent.jar;C:\Program Files\Java\jdk1.8.0_131\jre\lib\plugin.jar;C:\Program Files\Java\jdk1.8.0_131\jre\lib\resources.jar;C:\Program Files\Java\jdk1.8.0_131\jre\lib\rt.jar;C:\Users\S\IdeaProjects\notes\target\classes;C:\Users\S\.m2\repository\org\springframework\boot\spring-boot-starter-web\2.0.3.RELEASE\spring-boot-starter-web-2.0.3.RELEASE.jar;C:\Users\S\.m2\repository\org\springframework\boot\spring-boot-starter\2.0.3.RELEASE\spring-boot-starter-2.0.3.RELEASE.jar;C:\Users\S\.m2\repository\org\springframework\boot\spring-boot-starter-logging\2.0.3.RELEASE\spring-boot-starter-logging-2.0.3.RELEASE.jar;C:\Users\S\.m2\repository\ch\qos\logback\logback-classic\1.2.3\logback-classic-1.2.3.jar;C:\Users\S\.m2\repository\ch\qos\logback\logback-core\1.2.3\logback-core-1.2.3.jar;C:\Users\S\.m2\repository\org\apache\lo
Launcher Type: SUN_STANDARD

Environment Variables:
PATH=C:\Program Files\Microsoft MPI\Bin\;C:\windows\system32;C:\windows;C:\windows\System32\Wbem;C:\windows\System32\WindowsPowerShell\v1.0\;C:\Program Files (x86)\NVIDIA Corporation\PhysX\Common;C:\Program Files\Microsoft SQL Server\130\Tools\Binn\;C:\Program Files\dotnet\;C:\Program Files\Git\cmd;C:\Program Files (x86)\GtkSharp\2.12\bin;C:\WINDOWS\system32;C:\WINDOWS;C:\WINDOWS\System32\Wbem;C:\WINDOWS\System32\WindowsPowerShell\v1.0\;C:\WINDOWS\System32\OpenSSH\;C:\MinGW\bin;C:\MinGW\msys\1.0\bin;C:\Program Files (x86)\Microsoft SQL Server\140\Tools\Binn\;C:\Program Files\Microsoft SQL Server\140\Tools\Binn\;C:\Program Files (x86)\Microsoft SQL Server\140\DTS\Binn\;C:\Program Files\Microsoft SQL Server\140\DTS\Binn\;C:\Program Files\Microsoft SQL Server\Client SDK\ODBC\130\Tools\Binn\;C:\Program Files (x86)\Microsoft SQL Server\Client SDK\ODBC\130\Tools\Binn\;C:\Program Files (x86)\Microsoft SQL Server\140\Tools\Binn\ManagementStudio\;C:\Users\S\AppData\Local\Microsoft\WindowsApps;E:\Quartus\modelsim_ase\win32aloem;C:\MinGW\msys\1.0\bin;C:\MinGW\bin;
USERNAME=S
OS=Windows_NT
PROCESSOR_IDENTIFIER=Intel64 Family 6 Model 42 Stepping 7, GenuineIntel



---------------  S Y S T E M  ---------------

OS: Windows 10.0 , 64 bit Build 17134 (10.0.17134.1)

CPU:total 4 (initial active 4) (2 cores per cpu, 2 threads per core) family 6 model 42 stepping 7, cmov, cx8, fxsr, mmx, sse, sse2, sse3, ssse3, sse4.1, sse4.2, popcnt, avx, clmul, ht, tsc, tscinvbit

Memory: 4k page, physical 4173364k(334008k free), swap 8269364k(15508k free)

vm_info: Java HotSpot(TM) 64-Bit Server VM (25.131-b11) for windows-amd64 JRE (1.8.0_131-b11), built on Mar 15 2017 01:23:53 by "java_re" with MS VC++ 10.0 (VS2010)

time: Fri Aug 17 22:31:11 2018
elapsed time: 26 seconds (0d 0h 0m 26s)

